This file contains any messages produced by compilers while
running configure, to aid debugging if configure makes a mistake.

It was created by configure, which was
generated by GNU Autoconf 2.64.  Invocation command line was

  $ ./configure 

## --------- ##
## Platform. ##
## --------- ##

hostname = ubuntu
uname -m = i686
uname -r = 2.6.31-14-generic
uname -s = Linux
uname -v = #48-Ubuntu SMP Fri Oct 16 14:04:26 UTC 2009

/usr/bin/uname -p = unknown
/bin/uname -X     = unknown

/bin/arch              = unknown
/usr/bin/arch -k       = unknown
/usr/convex/getsysinfo = unknown
/usr/bin/hostinfo      = unknown
/bin/machine           = unknown
/usr/bin/oslevel       = unknown
/bin/universe          = unknown

PATH: /usr/local/sbin
PATH: /usr/local/bin
PATH: /usr/sbin
PATH: /usr/bin
PATH: /sbin
PATH: /bin
PATH: /usr/games


## ----------- ##
## Core tests. ##
## ----------- ##

configure:2649: checking for grep that handles long lines and -e
configure:2707: result: /bin/grep
configure:2712: checking for egrep
configure:2774: result: /bin/grep -E
configure:2779: checking for a sed that does not truncate output
configure:2843: result: /bin/sed
configure:2977: checking for cc
configure:2993: found /usr/bin/cc
configure:3004: result: cc
configure:3035: checking for C compiler version
configure:3044: cc --version >&5
cc (Ubuntu 4.4.1-4ubuntu8) 4.4.1
Copyright (C) 2009 Free Software Foundation, Inc.
This is free software; see the source for copying conditions.  There is NO
warranty; not even for MERCHANTABILITY or FITNESS FOR A PARTICULAR PURPOSE.

configure:3055: $? = 0
configure:3044: cc -v >&5
Using built-in specs.
Target: i486-linux-gnu
Configured with: ../src/configure -v --with-pkgversion='Ubuntu 4.4.1-4ubuntu8' --with-bugurl=file:///usr/share/doc/gcc-4.4/README.Bugs --enable-languages=c,c++,fortran,objc,obj-c++ --prefix=/usr --enable-shared --enable-multiarch --enable-linker-build-id --with-system-zlib --libexecdir=/usr/lib --without-included-gettext --enable-threads=posix --with-gxx-include-dir=/usr/include/c++/4.4 --program-suffix=-4.4 --enable-nls --enable-clocale=gnu --enable-libstdcxx-debug --enable-objc-gc --enable-targets=all --disable-werror --with-arch-32=i486 --with-tune=generic --enable-checking=release --build=i486-linux-gnu --host=i486-linux-gnu --target=i486-linux-gnu
Thread model: posix
gcc version 4.4.1 (Ubuntu 4.4.1-4ubuntu8) 
configure:3055: $? = 0
configure:3044: cc -V >&5
cc: '-V' option must have argument
configure:3055: $? = 1
configure:3044: cc -qversion >&5
cc: unrecognized option '-qversion'
cc: no input files
configure:3055: $? = 1
configure:3077: checking for C compiler default output file name
configure:3099: cc    conftest.c  >&5
configure:3103: $? = 0
configure:3140: result: a.out
configure:3156: checking whether the C compiler works
configure:3165: ./a.out
configure:3169: $? = 0
configure:3184: result: yes
configure:3191: checking whether we are cross compiling
configure:3193: result: no
configure:3196: checking for suffix of executables
configure:3203: cc -o conftest    conftest.c  >&5
configure:3207: $? = 0
configure:3229: result: 
configure:3235: checking for suffix of object files
configure:3257: cc -c   conftest.c >&5
configure:3261: $? = 0
configure:3282: result: o
configure:3286: checking whether we are using the GNU C compiler
configure:3305: cc -c   conftest.c >&5
configure:3305: $? = 0
configure:3314: result: yes
configure:3323: checking whether cc accepts -g
configure:3343: cc -c -g  conftest.c >&5
configure:3343: $? = 0
configure:3384: result: yes
configure:3401: checking for cc option to accept ISO C89
configure:3465: cc  -c -g -O2  conftest.c >&5
configure:3465: $? = 0
configure:3478: result: none needed
configure:3504: checking how to run the C preprocessor
configure:3535: cc -E  conftest.c
configure:3535: $? = 0
configure:3549: cc -E  conftest.c
conftest.c:9:28: error: ac_nonexistent.h: No such file or directory
configure:3549: $? = 1
configure: failed program was:
| /* confdefs.h */
| #define PACKAGE_NAME ""
| #define PACKAGE_TARNAME ""
| #define PACKAGE_VERSION ""
| #define PACKAGE_STRING ""
| #define PACKAGE_BUGREPORT ""
| #define PACKAGE_URL ""
| /* end confdefs.h.  */
| #include <ac_nonexistent.h>
configure:3574: result: cc -E
configure:3594: cc -E  conftest.c
configure:3594: $? = 0
configure:3608: cc -E  conftest.c
conftest.c:9:28: error: ac_nonexistent.h: No such file or directory
configure:3608: $? = 1
configure: failed program was:
| /* confdefs.h */
| #define PACKAGE_NAME ""
| #define PACKAGE_TARNAME ""
| #define PACKAGE_VERSION ""
| #define PACKAGE_STRING ""
| #define PACKAGE_BUGREPORT ""
| #define PACKAGE_URL ""
| /* end confdefs.h.  */
| #include <ac_nonexistent.h>
configure:3639: checking for icc
configure:3648: result: no
configure:3662: checking for suncc
configure:3671: result: no
configure:3689: checking whether cc understands -c and -o together
configure:3717: cc -c conftest.c -o conftest2.o >&5
configure:3721: $? = 0
configure:3727: cc -c conftest.c -o conftest2.o >&5
configure:3731: $? = 0
configure:3786: result: yes
configure:3800: checking for system library directory
configure:3818: result: lib
configure:3825: checking if compiler supports -R
configure:3844: cc -o conftest -g -O2   conftest.c -R /usr/lib  >&5
cc: unrecognized option '-R'
/usr/bin/ld: /usr/lib: No such file: File format not recognized
collect2: ld returned 1 exit status
configure:3844: $? = 1
configure: failed program was:
| /* confdefs.h */
| #define PACKAGE_NAME ""
| #define PACKAGE_TARNAME ""
| #define PACKAGE_VERSION ""
| #define PACKAGE_STRING ""
| #define PACKAGE_BUGREPORT ""
| #define PACKAGE_URL ""
| /* end confdefs.h.  */
| 
| int
| main ()
| {
| 
|   ;
|   return 0;
| }
configure:3854: result: no
configure:3859: checking if compiler supports -Wl,-rpath,
configure:3878: cc -o conftest -g -O2   conftest.c -Wl,-rpath,/usr/lib  >&5
configure:3878: $? = 0
configure:3888: result: yes
configure:3927: checking build system type
configure:3941: result: i686-pc-linux-gnu
configure:3961: checking host system type
configure:3974: result: i686-pc-linux-gnu
configure:3994: checking target system type
configure:4007: result: i686-pc-linux-gnu
configure:4113: checking for PHP prefix
configure:4115: result: /usr
configure:4117: checking for PHP includes
configure:4119: result: -I/usr/include/php5 -I/usr/include/php5/main -I/usr/include/php5/TSRM -I/usr/include/php5/Zend -I/usr/include/php5/ext -I/usr/include/php5/ext/date/lib -D_LARGEFILE_SOURCE -D_FILE_OFFSET_BITS=64
configure:4121: checking for PHP extension directory
configure:4123: result: /usr/lib/php5/20060613+lfs
configure:4125: checking for PHP installed headers prefix
configure:4127: result: /usr/include/php5
configure:4130: checking if debug is enabled
configure:4156: result: no
configure:4159: checking if zts is enabled
configure:4185: result: no
configure:4267: checking for re2c
configure:4297: result: no
configure:4322: WARNING: You will need re2c 0.13.4 or later if you want to regenerate PHP parsers.
configure:4336: checking for gawk
configure:4367: result: no
configure:4336: checking for nawk
configure:4353: found /usr/bin/nawk
configure:4364: result: nawk
configure:4387: checking if nawk is broken
configure:4394: result: no
configure:4408: checking whether to enable the thrift_protocol extension
configure:4450: result: yes, shared
configure:4517: checking for g++
configure:4533: found /usr/bin/g++
configure:4544: result: g++
configure:4571: checking for C++ compiler version
configure:4580: g++ --version >&5
g++ (Ubuntu 4.4.1-4ubuntu8) 4.4.1
Copyright (C) 2009 Free Software Foundation, Inc.
This is free software; see the source for copying conditions.  There is NO
warranty; not even for MERCHANTABILITY or FITNESS FOR A PARTICULAR PURPOSE.

configure:4591: $? = 0
configure:4580: g++ -v >&5
Using built-in specs.
Target: i486-linux-gnu
Configured with: ../src/configure -v --with-pkgversion='Ubuntu 4.4.1-4ubuntu8' --with-bugurl=file:///usr/share/doc/gcc-4.4/README.Bugs --enable-languages=c,c++,fortran,objc,obj-c++ --prefix=/usr --enable-shared --enable-multiarch --enable-linker-build-id --with-system-zlib --libexecdir=/usr/lib --without-included-gettext --enable-threads=posix --with-gxx-include-dir=/usr/include/c++/4.4 --program-suffix=-4.4 --enable-nls --enable-clocale=gnu --enable-libstdcxx-debug --enable-objc-gc --enable-targets=all --disable-werror --with-arch-32=i486 --with-tune=generic --enable-checking=release --build=i486-linux-gnu --host=i486-linux-gnu --target=i486-linux-gnu
Thread model: posix
gcc version 4.4.1 (Ubuntu 4.4.1-4ubuntu8) 
configure:4591: $? = 0
configure:4580: g++ -V >&5
g++: '-V' option must have argument
configure:4591: $? = 1
configure:4580: g++ -qversion >&5
g++: unrecognized option '-qversion'
g++: no input files
configure:4591: $? = 1
configure:4595: checking whether we are using the GNU C++ compiler
configure:4614: g++ -c   conftest.cpp >&5
configure:4614: $? = 0
configure:4623: result: yes
configure:4632: checking whether g++ accepts -g
configure:4652: g++ -c -g  conftest.cpp >&5
configure:4652: $? = 0
configure:4693: result: yes
configure:4721: checking how to run the C++ preprocessor
configure:4748: g++ -E  conftest.cpp
configure:4748: $? = 0
configure:4762: g++ -E  conftest.cpp
conftest.cpp:9:28: error: ac_nonexistent.h: No such file or directory
configure:4762: $? = 1
configure: failed program was:
| /* confdefs.h */
| #define PACKAGE_NAME ""
| #define PACKAGE_TARNAME ""
| #define PACKAGE_VERSION ""
| #define PACKAGE_STRING ""
| #define PACKAGE_BUGREPORT ""
| #define PACKAGE_URL ""
| /* end confdefs.h.  */
| #include <ac_nonexistent.h>
configure:4787: result: g++ -E
configure:4807: g++ -E  conftest.cpp
configure:4807: $? = 0
configure:4821: g++ -E  conftest.cpp
conftest.cpp:9:28: error: ac_nonexistent.h: No such file or directory
configure:4821: $? = 1
configure: failed program was:
| /* confdefs.h */
| #define PACKAGE_NAME ""
| #define PACKAGE_TARNAME ""
| #define PACKAGE_VERSION ""
| #define PACKAGE_STRING ""
| #define PACKAGE_BUGREPORT ""
| #define PACKAGE_URL ""
| /* end confdefs.h.  */
| #include <ac_nonexistent.h>
configure:5278: checking for a sed that does not truncate output
configure:5342: result: /bin/sed
configure:5360: checking for fgrep
configure:5422: result: /bin/grep -F
configure:5457: checking for ld used by cc
configure:5524: result: /usr/bin/ld
configure:5531: checking if the linker (/usr/bin/ld) is GNU ld
configure:5546: result: yes
configure:5558: checking for BSD- or MS-compatible name lister (nm)
configure:5607: result: /usr/bin/nm -B
configure:5725: checking the name lister (/usr/bin/nm -B) interface
configure:5732: cc -c -g -O2  conftest.c >&5
configure:5735: /usr/bin/nm -B "conftest.o"
configure:5738: output
00000000 B some_variable
configure:5745: result: BSD nm
configure:5748: checking whether ln -s works
configure:5752: result: yes
configure:5760: checking the maximum length of command line arguments
configure:5880: result: 1572864
configure:5897: checking whether the shell understands some XSI constructs
configure:5907: result: yes
configure:5911: checking whether the shell understands "+="
configure:5917: result: yes
configure:5952: checking for /usr/bin/ld option to reload object files
configure:5959: result: -r
configure:6028: checking for objdump
configure:6044: found /usr/bin/objdump
configure:6055: result: objdump
configure:6087: checking how to recognize dependent libraries
configure:6283: result: pass_all
configure:6343: checking for ar
configure:6359: found /usr/bin/ar
configure:6370: result: ar
configure:6448: checking for strip
configure:6464: found /usr/bin/strip
configure:6475: result: strip
configure:6547: checking for ranlib
configure:6563: found /usr/bin/ranlib
configure:6574: result: ranlib
configure:6664: checking command to parse /usr/bin/nm -B output from cc object
configure:6782: cc -c -g -O2  conftest.c >&5
configure:6785: $? = 0
configure:6789: /usr/bin/nm -B conftest.o \| sed -n -e 's/^.*[	 ]\([ABCDGIRSTW][ABCDGIRSTW]*\)[	 ][	 ]*\([_A-Za-z][_A-Za-z0-9]*\)$/\1 \2 \2/p' \> conftest.nm
configure:6792: $? = 0
configure:6846: cc -o conftest -g -O2   conftest.c conftstm.o >&5
configure:6849: $? = 0
configure:6887: result: ok
configure:7690: checking for ANSI C header files
configure:7710: cc -c -g -O2  conftest.c >&5
configure:7710: $? = 0
configure:7783: cc -o conftest -g -O2   conftest.c  >&5
configure:7783: $? = 0
configure:7783: ./conftest
configure:7783: $? = 0
configure:7794: result: yes
configure:7807: checking for sys/types.h
configure:7807: cc -c -g -O2  conftest.c >&5
configure:7807: $? = 0
configure:7807: result: yes
configure:7807: checking for sys/stat.h
configure:7807: cc -c -g -O2  conftest.c >&5
configure:7807: $? = 0
configure:7807: result: yes
configure:7807: checking for stdlib.h
configure:7807: cc -c -g -O2  conftest.c >&5
configure:7807: $? = 0
configure:7807: result: yes
configure:7807: checking for string.h
configure:7807: cc -c -g -O2  conftest.c >&5
configure:7807: $? = 0
configure:7807: result: yes
configure:7807: checking for memory.h
configure:7807: cc -c -g -O2  conftest.c >&5
configure:7807: $? = 0
configure:7807: result: yes
configure:7807: checking for strings.h
configure:7807: cc -c -g -O2  conftest.c >&5
configure:7807: $? = 0
configure:7807: result: yes
configure:7807: checking for inttypes.h
configure:7807: cc -c -g -O2  conftest.c >&5
configure:7807: $? = 0
configure:7807: result: yes
configure:7807: checking for stdint.h
configure:7807: cc -c -g -O2  conftest.c >&5
configure:7807: $? = 0
configure:7807: result: yes
configure:7807: checking for unistd.h
configure:7807: cc -c -g -O2  conftest.c >&5
configure:7807: $? = 0
configure:7807: result: yes
configure:7822: checking for dlfcn.h
configure:7822: cc -c -g -O2  conftest.c >&5
configure:7822: $? = 0
configure:7822: result: yes
configure:7947: checking for C++ compiler version
configure:7956: g++ --version >&5
g++ (Ubuntu 4.4.1-4ubuntu8) 4.4.1
Copyright (C) 2009 Free Software Foundation, Inc.
This is free software; see the source for copying conditions.  There is NO
warranty; not even for MERCHANTABILITY or FITNESS FOR A PARTICULAR PURPOSE.

configure:7967: $? = 0
configure:7956: g++ -v >&5
Using built-in specs.
Target: i486-linux-gnu
Configured with: ../src/configure -v --with-pkgversion='Ubuntu 4.4.1-4ubuntu8' --with-bugurl=file:///usr/share/doc/gcc-4.4/README.Bugs --enable-languages=c,c++,fortran,objc,obj-c++ --prefix=/usr --enable-shared --enable-multiarch --enable-linker-build-id --with-system-zlib --libexecdir=/usr/lib --without-included-gettext --enable-threads=posix --with-gxx-include-dir=/usr/include/c++/4.4 --program-suffix=-4.4 --enable-nls --enable-clocale=gnu --enable-libstdcxx-debug --enable-objc-gc --enable-targets=all --disable-werror --with-arch-32=i486 --with-tune=generic --enable-checking=release --build=i486-linux-gnu --host=i486-linux-gnu --target=i486-linux-gnu
Thread model: posix
gcc version 4.4.1 (Ubuntu 4.4.1-4ubuntu8) 
configure:7967: $? = 0
configure:7956: g++ -V >&5
g++: '-V' option must have argument
configure:7967: $? = 1
configure:7956: g++ -qversion >&5
g++: unrecognized option '-qversion'
g++: no input files
configure:7967: $? = 1
configure:7971: checking whether we are using the GNU C++ compiler
configure:7999: result: yes
configure:8008: checking whether g++ accepts -g
configure:8069: result: yes
configure:8100: checking how to run the C++ preprocessor
configure:8166: result: g++ -E
configure:8186: g++ -E  conftest.cpp
configure:8186: $? = 0
configure:8200: g++ -E  conftest.cpp
conftest.cpp:21:28: error: ac_nonexistent.h: No such file or directory
configure:8200: $? = 1
configure: failed program was:
| /* confdefs.h */
| #define PACKAGE_NAME ""
| #define PACKAGE_TARNAME ""
| #define PACKAGE_VERSION ""
| #define PACKAGE_STRING ""
| #define PACKAGE_BUGREPORT ""
| #define PACKAGE_URL ""
| #define COMPILE_DL_THRIFT_PROTOCOL 1
| #define STDC_HEADERS 1
| #define HAVE_SYS_TYPES_H 1
| #define HAVE_SYS_STAT_H 1
| #define HAVE_STDLIB_H 1
| #define HAVE_STRING_H 1
| #define HAVE_MEMORY_H 1
| #define HAVE_STRINGS_H 1
| #define HAVE_INTTYPES_H 1
| #define HAVE_STDINT_H 1
| #define HAVE_UNISTD_H 1
| #define HAVE_DLFCN_H 1
| /* end confdefs.h.  */
| #include <ac_nonexistent.h>
configure:8406: checking for objdir
configure:8421: result: .libs
configure:8717: checking if cc supports -fno-rtti -fno-exceptions
configure:8735: cc -c -g -O2  -fno-rtti -fno-exceptions conftest.c >&5
cc1: warning: command line option "-fno-rtti" is valid for C++/ObjC++ but not for C
configure:8739: $? = 0
configure:8752: result: no
configure:8772: checking for cc option to produce PIC
configure:9044: result: -fPIC -DPIC
configure:9056: checking if cc PIC flag -fPIC -DPIC works
configure:9074: cc -c -g -O2  -fPIC -DPIC -DPIC conftest.c >&5
configure:9078: $? = 0
configure:9091: result: yes
configure:9115: checking if cc static flag -static works
configure:9143: result: yes
configure:9158: checking if cc supports -c -o file.o
configure:9179: cc -c -g -O2  -o out/conftest2.o conftest.c >&5
configure:9183: $? = 0
configure:9205: result: yes
configure:9213: checking if cc supports -c -o file.o
configure:9260: result: yes
configure:9293: checking whether the cc linker (/usr/bin/ld) supports shared libraries
configure:10283: result: yes
configure:10320: checking whether -lc should be explicitly linked in
configure:10325: cc -c -g -O2  conftest.c >&5
configure:10328: $? = 0
configure:10343: cc -shared conftest.o  -v -Wl,-soname -Wl,conftest -o conftest 2\>\&1 \| /bin/grep  -lc  \>/dev/null 2\>\&1
configure:10346: $? = 0
configure:10358: result: no
configure:10522: checking dynamic linker characteristics
configure:10955: cc -o conftest -g -O2   -Wl,-rpath -Wl,/foo conftest.c  >&5
configure:10955: $? = 0
configure:11185: result: GNU/Linux ld.so
configure:11287: checking how to hardcode library paths into programs
configure:11312: result: immediate
configure:11832: checking whether stripping libraries is possible
configure:11837: result: yes
configure:11872: checking if libtool supports shared libraries
configure:11874: result: yes
configure:11877: checking whether to build shared libraries
configure:11898: result: yes
configure:11901: checking whether to build static libraries
configure:11905: result: no
configure:12055: checking for ld used by g++
configure:12122: result: /usr/bin/ld
configure:12129: checking if the linker (/usr/bin/ld) is GNU ld
configure:12144: result: yes
configure:12199: checking whether the g++ linker (/usr/bin/ld) supports shared libraries
configure:13112: result: yes
configure:13140: g++ -c -g -O2  conftest.cpp >&5
configure:13143: $? = 0
configure:13325: checking for g++ option to produce PIC
configure:13642: result: -fPIC -DPIC
configure:13651: checking if g++ PIC flag -fPIC -DPIC works
configure:13669: g++ -c -g -O2  -fPIC -DPIC -DPIC conftest.cpp >&5
configure:13673: $? = 0
configure:13686: result: yes
configure:13707: checking if g++ static flag -static works
configure:13735: result: yes
configure:13747: checking if g++ supports -c -o file.o
configure:13768: g++ -c -g -O2  -o out/conftest2.o conftest.cpp >&5
configure:13772: $? = 0
configure:13794: result: yes
configure:13799: checking if g++ supports -c -o file.o
configure:13846: result: yes
configure:13876: checking whether the g++ linker (/usr/bin/ld) supports shared libraries
configure:13905: result: yes
configure:14042: checking dynamic linker characteristics
configure:14423: g++ -o conftest -g -O2   -Wl,-rpath -Wl,/foo conftest.cpp  >&5
configure:14423: $? = 0
configure:14653: result: GNU/Linux ld.so
configure:14704: checking how to hardcode library paths into programs
configure:14729: result: immediate
configure:15014: creating ./config.status

## ---------------------- ##
## Running config.status. ##
## ---------------------- ##

This file was extended by config.status, which was
generated by GNU Autoconf 2.64.  Invocation command line was

  CONFIG_FILES    = 
  CONFIG_HEADERS  = 
  CONFIG_LINKS    = 
  CONFIG_COMMANDS = 
  $ ./config.status 

on ubuntu

config.status:926: creating config.h
config.status:1030: executing libtool commands

## ---------------- ##
## Cache variables. ##
## ---------------- ##

ac_cv_build=i686-pc-linux-gnu
ac_cv_c_compiler_gnu=yes
ac_cv_cxx_compiler_gnu=yes
ac_cv_env_CCC_set=
ac_cv_env_CCC_value=
ac_cv_env_CC_set=
ac_cv_env_CC_value=
ac_cv_env_CFLAGS_set=
ac_cv_env_CFLAGS_value=
ac_cv_env_CPPFLAGS_set=
ac_cv_env_CPPFLAGS_value=
ac_cv_env_CPP_set=
ac_cv_env_CPP_value=
ac_cv_env_CXXCPP_set=
ac_cv_env_CXXCPP_value=
ac_cv_env_CXXFLAGS_set=
ac_cv_env_CXXFLAGS_value=
ac_cv_env_CXX_set=
ac_cv_env_CXX_value=
ac_cv_env_LDFLAGS_set=
ac_cv_env_LDFLAGS_value=
ac_cv_env_LIBS_set=
ac_cv_env_LIBS_value=
ac_cv_env_build_alias_set=
ac_cv_env_build_alias_value=
ac_cv_env_host_alias_set=
ac_cv_env_host_alias_value=
ac_cv_env_target_alias_set=
ac_cv_env_target_alias_value=
ac_cv_header_dlfcn_h=yes
ac_cv_header_inttypes_h=yes
ac_cv_header_memory_h=yes
ac_cv_header_stdc=yes
ac_cv_header_stdint_h=yes
ac_cv_header_stdlib_h=yes
ac_cv_header_string_h=yes
ac_cv_header_strings_h=yes
ac_cv_header_sys_stat_h=yes
ac_cv_header_sys_types_h=yes
ac_cv_header_unistd_h=yes
ac_cv_host=i686-pc-linux-gnu
ac_cv_objext=o
ac_cv_path_EGREP='/bin/grep -E'
ac_cv_path_FGREP='/bin/grep -F'
ac_cv_path_GREP=/bin/grep
ac_cv_path_SED=/bin/sed
ac_cv_prog_AWK=nawk
ac_cv_prog_CPP='cc -E'
ac_cv_prog_CXXCPP='g++ -E'
ac_cv_prog_ac_ct_AR=ar
ac_cv_prog_ac_ct_CC=cc
ac_cv_prog_ac_ct_CXX=g++
ac_cv_prog_ac_ct_OBJDUMP=objdump
ac_cv_prog_ac_ct_RANLIB=ranlib
ac_cv_prog_ac_ct_STRIP=strip
ac_cv_prog_cc_c89=
ac_cv_prog_cc_cc_c_o=yes
ac_cv_prog_cc_g=yes
ac_cv_prog_cxx_g=yes
ac_cv_target=i686-pc-linux-gnu
lt_cv_deplibs_check_method=pass_all
lt_cv_file_magic_cmd='$MAGIC_CMD'
lt_cv_file_magic_test_file=
lt_cv_ld_reload_flag=-r
lt_cv_nm_interface='BSD nm'
lt_cv_objdir=.libs
lt_cv_path_LD=/usr/bin/ld
lt_cv_path_LDCXX=/usr/bin/ld
lt_cv_path_NM='/usr/bin/nm -B'
lt_cv_prog_compiler_c_o=yes
lt_cv_prog_compiler_c_o_CXX=yes
lt_cv_prog_compiler_pic_works=yes
lt_cv_prog_compiler_pic_works_CXX=yes
lt_cv_prog_compiler_rtti_exceptions=no
lt_cv_prog_compiler_static_works=yes
lt_cv_prog_compiler_static_works_CXX=yes
lt_cv_prog_gnu_ld=yes
lt_cv_prog_gnu_ldcxx=yes
lt_cv_sys_global_symbol_pipe='sed -n -e '\''s/^.*[	 ]\([ABCDGIRSTW][ABCDGIRSTW]*\)[	 ][	 ]*\([_A-Za-z][_A-Za-z0-9]*\)$/\1 \2 \2/p'\'''
lt_cv_sys_global_symbol_to_c_name_address='sed -n -e '\''s/^: \([^ ]*\) $/  {\"\1\", (void *) 0},/p'\'' -e '\''s/^[ABCDGIRSTW]* \([^ ]*\) \([^ ]*\)$/  {"\2", (void *) \&\2},/p'\'''
lt_cv_sys_global_symbol_to_c_name_address_lib_prefix='sed -n -e '\''s/^: \([^ ]*\) $/  {\"\1\", (void *) 0},/p'\'' -e '\''s/^[ABCDGIRSTW]* \([^ ]*\) \(lib[^ ]*\)$/  {"\2", (void *) \&\2},/p'\'' -e '\''s/^[ABCDGIRSTW]* \([^ ]*\) \([^ ]*\)$/  {"lib\2", (void *) \&\2},/p'\'''
lt_cv_sys_global_symbol_to_cdecl='sed -n -e '\''s/^T .* \(.*\)$/extern int \1();/p'\'' -e '\''s/^[ABCDGIRSTW]* .* \(.*\)$/extern char \1;/p'\'''
lt_cv_sys_max_cmd_len=1572864
php_cv_cc_dashr=no
php_cv_cc_rpath=yes

## ----------------- ##
## Output variables. ##
## ----------------- ##

AR='ar'
AWK='nawk'
CC='cc'
CFLAGS='-g -O2'
CONFIGURE_COMMAND=' '\''./configure'\'' '
CONFIGURE_OPTIONS=''
CPP='cc -E'
CPPFLAGS=' -DHAVE_CONFIG_H'
CXX='g++'
CXXCPP='g++ -E'
CXXFLAGS='-g -O2'
DEFS='-DHAVE_CONFIG_H'
DSYMUTIL=''
DUMPBIN=''
ECHO_C=''
ECHO_N='-n'
ECHO_T=''
EGREP='/bin/grep -E'
EXEEXT=''
FGREP='/bin/grep -F'
GREP='/bin/grep'
LD='/usr/bin/ld'
LDFLAGS=''
LIBOBJS=''
LIBS=''
LIBTOOL='$(SHELL) $(top_builddir)/libtool'
LIPO=''
LN_S='ln -s'
LTLIBOBJS=''
NM='/usr/bin/nm -B'
NMEDIT=''
OBJDUMP='objdump'
OBJEXT='o'
OTOOL64=''
OTOOL=''
PACKAGE_BUGREPORT=''
PACKAGE_NAME=''
PACKAGE_STRING=''
PACKAGE_TARNAME=''
PACKAGE_URL=''
PACKAGE_VERSION=''
PATH_SEPARATOR=':'
RANLIB='ranlib'
RE2C='exit 0;'
SED='/bin/sed'
SHELL='/bin/bash'
SHLIB_DL_SUFFIX_NAME='so'
SHLIB_SUFFIX_NAME='so'
STRIP='strip'
ac_ct_CC='cc'
ac_ct_CXX='g++'
ac_ct_DUMPBIN=''
bindir='${exec_prefix}/bin'
build='i686-pc-linux-gnu'
build_alias=''
build_cpu='i686'
build_os='linux-gnu'
build_vendor='pc'
datadir='${datarootdir}'
datarootdir='${prefix}/share'
docdir='${datarootdir}/doc/${PACKAGE}'
dvidir='${docdir}'
exec_prefix='$(prefix)'
host='i686-pc-linux-gnu'
host_alias='i686-pc-linux-gnu'
host_cpu='i686'
host_os='linux-gnu'
host_vendor='pc'
htmldir='${docdir}'
includedir='${prefix}/include'
infodir='${datarootdir}/info'
libdir='${exec_prefix}/lib'
libexecdir='${exec_prefix}/libexec'
localedir='${datarootdir}/locale'
localstatedir='${prefix}/var'
lt_ECHO='echo'
mandir='${datarootdir}/man'
oldincludedir='/usr/include'
pdfdir='${docdir}'
prefix='/usr'
program_transform_name='s,x,x,'
psdir='${docdir}'
sbindir='${exec_prefix}/sbin'
sharedstatedir='${prefix}/com'
sysconfdir='${prefix}/etc'
target='i686-pc-linux-gnu'
target_alias=''
target_cpu='i686'
target_os='linux-gnu'
target_vendor='pc'

## ----------- ##
## confdefs.h. ##
## ----------- ##

/* confdefs.h */
#define PACKAGE_NAME ""
#define PACKAGE_TARNAME ""
#define PACKAGE_VERSION ""
#define PACKAGE_STRING ""
#define PACKAGE_BUGREPORT ""
#define PACKAGE_URL ""
#define COMPILE_DL_THRIFT_PROTOCOL 1
#define STDC_HEADERS 1
#define HAVE_SYS_TYPES_H 1
#define HAVE_SYS_STAT_H 1
#define HAVE_STDLIB_H 1
#define HAVE_STRING_H 1
#define HAVE_MEMORY_H 1
#define HAVE_STRINGS_H 1
#define HAVE_INTTYPES_H 1
#define HAVE_STDINT_H 1
#define HAVE_UNISTD_H 1
#define HAVE_DLFCN_H 1
#define LT_OBJDIR ".libs/"

configure: exit 0
